#
# There is insufficient memory for the Java Runtime Environment to continue.
# Native memory allocation (mmap) failed to map 132120576 bytes for G1 virtual space
# Possible reasons:
#   The system is out of physical RAM or swap space
#   The process is running with CompressedOops enabled, and the Java Heap may be blocking the growth of the native heap
# Possible solutions:
#   Reduce memory load on the system
#   Increase physical memory or swap space
#   Check if swap backing store is full
#   Decrease Java heap size (-Xmx/-Xms)
#   Decrease number of Java threads
#   Decrease Java thread stack sizes (-Xss)
#   Set larger code cache with -XX:ReservedCodeCacheSize=
#   JVM is running with Unscaled Compressed Oops mode in which the Java heap is
#     placed in the first 4GB address space. The Java Heap base address is the
#     maximum limit for the native heap growth. Please use -XX:HeapBaseMinAddress
#     to set the Java Heap base and to place the Java Heap above 4GB virtual address.
# This output file may be truncated or incomplete.
#
#  Out of Memory Error (os_windows.cpp:3528), pid=7164, tid=15764
#
# JRE version:  (20.0+36) (build )
# Java VM: Java HotSpot(TM) 64-Bit Server VM (20+36-2344, mixed mode, sharing, tiered, compressed oops, compressed class ptrs, g1 gc, windows-amd64)
# No core dump will be written. Minidumps are not enabled by default on client versions of Windows
#

---------------  S U M M A R Y ------------

Command Line: D:\TEMP\surefire2652528441404779121\surefirebooter-20240114041413388_3.jar D:\TEMP\surefire2652528441404779121 2024-01-14T04-14-13_273-jvmRun1 surefire-20240114041413388_1tmp surefire_0-20240114041413388_2tmp

Host: Intel(R) Core(TM) i5-1035G1 CPU @ 1.00GHz, 8 cores, 7G,  Windows 10 , 64 bit Build 19041 (10.0.19041.3636)
Time: Sun Jan 14 04:14:13 2024  Windows 10 , 64 bit Build 19041 (10.0.19041.3636) elapsed time: 0.009117 seconds (0d 0h 0m 0s)

---------------  T H R E A D  ---------------

Current thread (0x00000212ee1fc1e0):  JavaThread "Unknown thread" [_thread_in_vm, id=15764, stack(0x000000f61c500000,0x000000f61c600000)]

Stack: [0x000000f61c500000,0x000000f61c600000]
Native frames: (J=compiled Java code, j=interpreted, Vv=VM code, C=native code)
V  [jvm.dll+0x6bb95a]
V  [jvm.dll+0x8483aa]
V  [jvm.dll+0x849fa5]
V  [jvm.dll+0x84a6a3]
V  [jvm.dll+0x280b0f]
V  [jvm.dll+0x6b86e9]
V  [jvm.dll+0x6ad2da]
V  [jvm.dll+0x35adf5]
V  [jvm.dll+0x363016]
V  [jvm.dll+0x3b3b3e]
V  [jvm.dll+0x3b3dc5]
V  [jvm.dll+0x32b50a]
V  [jvm.dll+0x32c32b]
V  [jvm.dll+0x81106f]
V  [jvm.dll+0x3c0d91]
V  [jvm.dll+0x7fcd93]
V  [jvm.dll+0x44c76f]
V  [jvm.dll+0x44e0e1]
C  [jli.dll+0x5287]
C  [ucrtbase.dll+0x21bb2]
C  [KERNEL32.DLL+0x17344]
C  [ntdll.dll+0x526b1]


---------------  P R O C E S S  ---------------

Threads class SMR info:
_java_thread_list=0x00007ff83161a098, length=0, elements={
}

Java Threads: ( => current thread )

Other Threads:
  0x00000212ee25bff0 WorkerThread "GC Thread#0" [stack: 0x000000f61c600000,0x000000f61c700000] [id=16288]
  0x00000212ee26c880 ConcurrentGCThread "G1 Main Marker" [stack: 0x000000f61c700000,0x000000f61c800000] [id=4616]
  0x00000212ee26e460 WorkerThread "G1 Conc#0" [stack: 0x000000f61c800000,0x000000f61c900000] [id=5728]

[error occurred during error reporting (printing all threads), id 0xc0000005, EXCEPTION_ACCESS_VIOLATION (0xc0000005) at pc=0x00007ff830dfeb47]
VM state: not at safepoint (not fully initialized)

VM Mutex/Monitor currently owned by a thread:  ([mutex/lock_event])
[0x00000212ee1f7ad0] Heap_lock - owner thread: 0x00000212ee1fc1e0

Heap address: 0x0000000083400000, size: 1996 MB, Compressed Oops mode: 32-bit

CDS archive(s) mapped at: [0x0000000000000000-0x0000000000000000-0x0000000000000000), size 0, SharedBaseAddress: 0x0000000800000000, ArchiveRelocationMode: 0.
Narrow klass base: 0x0000000000000000, Narrow klass shift: 0, Narrow klass range: 0x0

GC Precious Log:
 CardTable entry size: 512
 Card Set container configuration: InlinePtr #cards 5 size 8 Array Of Cards #cards 12 size 40 Howl #buckets 4 coarsen threshold 1843 Howl Bitmap #cards 512 size 80 coarsen threshold 460 Card regions per heap region 1 cards per card region 2048

Heap:
 garbage-first heap   total 0K, used 0K [0x0000000083400000, 0x0000000100000000)
  region size 1024K, 0 young (0K), 0 survivors (0K)

[error occurred during error reporting (printing heap information), id 0xc0000005, EXCEPTION_ACCESS_VIOLATION (0xc0000005) at pc=0x00007ff8311d3c59]
GC Heap History (0 events):
No events

Dll operation events (1 events):
Event: 0.005 Loaded shared library C:\Program Files\Java\jdk-20\bin\java.dll

Deoptimization events (0 events):
No events

Classes loaded (0 events):
No events

Classes unloaded (0 events):
No events

Classes redefined (0 events):
No events

Internal exceptions (0 events):
No events

VM Operations (0 events):
No events

Events (0 events):
No events


Dynamic libraries:
0x00007ff698850000 - 0x00007ff698860000 	C:\Program Files\Java\jdk-20\bin\java.exe
0x00007ff8aa3d0000 - 0x00007ff8aa5c8000 	C:\Windows\SYSTEM32\ntdll.dll
0x00007ff8a8d80000 - 0x00007ff8a8e3d000 	C:\Windows\System32\KERNEL32.DLL
0x00007ff8a7d80000 - 0x00007ff8a8076000 	C:\Windows\System32\KERNELBASE.dll
0x00007ff8a8330000 - 0x00007ff8a8430000 	C:\Windows\System32\ucrtbase.dll
0x00007ff88aae0000 - 0x00007ff88aaf9000 	C:\Program Files\Java\jdk-20\bin\jli.dll
0x00007ff889530000 - 0x00007ff88954b000 	C:\Program Files\Java\jdk-20\bin\VCRUNTIME140.dll
0x00007ff8aa1f0000 - 0x00007ff8aa29f000 	C:\Windows\System32\ADVAPI32.dll
0x00007ff8a9520000 - 0x00007ff8a95be000 	C:\Windows\System32\msvcrt.dll
0x00007ff8a8430000 - 0x00007ff8a84cc000 	C:\Windows\System32\sechost.dll
0x00007ff8a9290000 - 0x00007ff8a93b6000 	C:\Windows\System32\RPCRT4.dll
0x00007ff8a9fa0000 - 0x00007ff8aa13e000 	C:\Windows\System32\USER32.dll
0x00007ff8a81d0000 - 0x00007ff8a81f2000 	C:\Windows\System32\win32u.dll
0x00007ff896120000 - 0x00007ff8963ba000 	C:\Windows\WinSxS\amd64_microsoft.windows.common-controls_6595b64144ccf1df_6.0.19041.3636_none_60b6a03d71f818d5\COMCTL32.dll
0x00007ff8a9260000 - 0x00007ff8a928c000 	C:\Windows\System32\GDI32.dll
0x00007ff8a8080000 - 0x00007ff8a819a000 	C:\Windows\System32\gdi32full.dll
0x00007ff8a8290000 - 0x00007ff8a832d000 	C:\Windows\System32\msvcp_win.dll
0x00007ff8a1340000 - 0x00007ff8a134a000 	C:\Windows\SYSTEM32\VERSION.dll
0x00007ff8a8cd0000 - 0x00007ff8a8d00000 	C:\Windows\System32\IMM32.DLL
0x00007ff89d570000 - 0x00007ff89d57c000 	C:\Program Files\Java\jdk-20\bin\vcruntime140_1.dll
0x00007ff876b10000 - 0x00007ff876b9e000 	C:\Program Files\Java\jdk-20\bin\msvcp140.dll
0x00007ff830ac0000 - 0x00007ff831757000 	C:\Program Files\Java\jdk-20\bin\server\jvm.dll
0x00007ff88e4b0000 - 0x00007ff88e4b9000 	C:\Windows\SYSTEM32\WSOCK32.dll
0x00007ff88edf0000 - 0x00007ff88ee17000 	C:\Windows\SYSTEM32\WINMM.dll
0x00007ff8a93c0000 - 0x00007ff8a942b000 	C:\Windows\System32\WS2_32.dll
0x00007ff8a6300000 - 0x00007ff8a6312000 	C:\Windows\SYSTEM32\kernel.appcore.dll
0x00007ff889520000 - 0x00007ff88952a000 	C:\Program Files\Java\jdk-20\bin\jimage.dll
0x00007ff8a5950000 - 0x00007ff8a5b34000 	C:\Windows\SYSTEM32\DBGHELP.DLL
0x00007ff892c50000 - 0x00007ff892c84000 	C:\Windows\SYSTEM32\dbgcore.DLL
0x00007ff8a8200000 - 0x00007ff8a8282000 	C:\Windows\System32\bcryptPrimitives.dll
0x00007ff8894f0000 - 0x00007ff889516000 	C:\Program Files\Java\jdk-20\bin\java.dll

dbghelp: loaded successfully - version: 4.0.5 - missing functions: none
symbol engine: initialized successfully - sym options: 0x614 - pdb path: .;C:\Program Files\Java\jdk-20\bin;C:\Windows\SYSTEM32;C:\Windows\WinSxS\amd64_microsoft.windows.common-controls_6595b64144ccf1df_6.0.19041.3636_none_60b6a03d71f818d5;C:\Program Files\Java\jdk-20\bin\server

VM Arguments:
java_command: D:\TEMP\surefire2652528441404779121\surefirebooter-20240114041413388_3.jar D:\TEMP\surefire2652528441404779121 2024-01-14T04-14-13_273-jvmRun1 surefire-20240114041413388_1tmp surefire_0-20240114041413388_2tmp
java_class_path (initial): D:\TEMP\surefire2652528441404779121\surefirebooter-20240114041413388_3.jar
Launcher Type: SUN_STANDARD

[Global flags]
     intx CICompilerCount                          = 4                                         {product} {ergonomic}
     uint ConcGCThreads                            = 2                                         {product} {ergonomic}
     uint G1ConcRefinementThreads                  = 8                                         {product} {ergonomic}
   size_t G1HeapRegionSize                         = 1048576                                   {product} {ergonomic}
    uintx GCDrainStackTargetSize                   = 64                                        {product} {ergonomic}
   size_t InitialHeapSize                          = 132120576                                 {product} {ergonomic}
   size_t MarkStackSize                            = 4194304                                   {product} {ergonomic}
   size_t MaxHeapSize                              = 2092957696                                {product} {ergonomic}
   size_t MinHeapDeltaBytes                        = 1048576                                   {product} {ergonomic}
   size_t MinHeapSize                              = 8388608                                   {product} {ergonomic}
    uintx NonNMethodCodeHeapSize                   = 5839372                                {pd product} {ergonomic}
    uintx NonProfiledCodeHeapSize                  = 122909434                              {pd product} {ergonomic}
    uintx ProfiledCodeHeapSize                     = 122909434                              {pd product} {ergonomic}
    uintx ReservedCodeCacheSize                    = 251658240                              {pd product} {ergonomic}
     bool SegmentedCodeCache                       = true                                      {product} {ergonomic}
   size_t SoftMaxHeapSize                          = 2092957696                             {manageable} {ergonomic}
     bool UseCompressedClassPointers               = true                           {product lp64_product} {ergonomic}
     bool UseCompressedOops                        = true                           {product lp64_product} {ergonomic}
     bool UseG1GC                                  = true                                      {product} {ergonomic}
     bool UseLargePagesIndividualAllocation        = false                                  {pd product} {ergonomic}

Logging:
Log output configuration:
 #0: stdout all=warning uptime,level,tags foldmultilines=false
 #1: stderr all=off uptime,level,tags foldmultilines=false

Environment Variables:
JAVA_HOME=C:\Program Files\Java\jdk-20
PATH=C:\Program Files\PowerShell\7;C:\Program Files\Common Files\Oracle\Java\javapath;C:\Windows\system32;C:\Windows;C:\Windows\System32\Wbem;C:\Windows\System32\WindowsPowerShell\v1.0\;C:\Windows\System32\OpenSSH\;C:\Program Files (x86)\Common Files\Acronis\SnapAPI\;C:\Program Files\Git\cmd;C:\Program Files\maven\bin;C:\Program Files\Java\jdk-20\bin;C:\Program Files\PowerShell\7\;C:\Users\illio\AppData\Local\Microsoft\WindowsApps;;C:\Users\illio\AppData\Local\Programs\Microsoft VS Code\bin;C:\Program Files\JetBrains\IntelliJ IDEA Community Edition 2023.1\bin;
USERNAME=illio
OS=Windows_NT
PROCESSOR_IDENTIFIER=Intel64 Family 6 Model 126 Stepping 5, GenuineIntel
TMP=D:\TEMP
TEMP=D:\TEMP




---------------  S Y S T E M  ---------------

OS:
 Windows 10 , 64 bit Build 19041 (10.0.19041.3636)
OS uptime: 8 days 10:30 hours

CPU: total 8 (initial active 8) (4 cores per cpu, 2 threads per core) family 6 model 126 stepping 5 microcode 0xa6, cx8, cmov, fxsr, ht, mmx, 3dnowpref, sse, sse2, sse3, ssse3, sse4.1, sse4.2, popcnt, lzcnt, tsc, tscinvbit, avx, avx2, aes, erms, clmul, bmi1, bmi2, adx, avx512f, avx512dq, avx512cd, avx512bw, avx512vl, sha, fma, vzeroupper, avx512_vpopcntdq, avx512_vpclmulqdq, avx512_vaes, avx512_vnni, clflush, clflushopt, avx512_vbmi2, avx512_vbmi, rdtscp, rdpid, fsrm, gfni, avx512_bitalg, f16c, pku, avx512_ifma

Memory: 4k page, system-wide physical 7981M (1258M free)
TotalPageFile size 11981M (AvailPageFile size 99M)
current process WorkingSet (physical memory assigned to process): 10M, peak: 10M
current process commit charge ("private bytes"): 60M, peak: 186M

vm_info: Java HotSpot(TM) 64-Bit Server VM (20+36-2344) for windows-amd64 JRE (20+36-2344), built on 2023-02-10T19:30:15Z by "mach5one" with MS VC++ 17.1 (VS2022)

END.
